security_common_referer


referer检查



denylist
array[string]
黑名单列表，匹配Referer中的关键字，命中后拦截用户请求。

blacklist
array[string]
host的黑名单列表，匹配Referer中的host关键字，命中后拦截用户请求。

status
integer，默认值，403
拦截后，响应的状态码

message
string，
拦截后，响应的信息

bypass_missing
boolean，默认值，true
当设置为 true 时，如果Referer请求头不存在或格式有误时，将绕过检查。

说明：





事例：

添加插件
curl -L -X PUT 'http://127.0.0.1:9990/edge/admin/global_rules/6001' -H 'X-API-KEY: f9357106bff442f89d4de7169c37c61e' -H 'Content-Type: application/json' --data-raw '{
    "desc": "security_common",
    "plugins": {
        "security_common_referer": {
            "bypass_missing": true,
            "blacklist": [ "*.zengbiao1.local" ],
            "denylist": [
                "(?:(\\!\\=|\\&\\&|\\|\\||>>|<<|>=|<=|<>|<=>|xor|rlike|regexp|isnull)|(?:not\\s+between\\s+0\\s+and)|(?:is\\s+null)|(like\\s+null)|(?:(?:^|\\W)in[+\\s]*\\([\\s\\d\\\"]+[^()]*\\))|(?:xor|<>|rlike(?:\\s+binary)?)|(?:regexp\\s+binary))",
                "(^[\\\"'`´’‘;]+|[\\\"'`´’‘;]+$)"
            ]
        }
    }
}'

测试
curl -L 'http://127.0.0.1:9980/hello1/h1?username=zengbiao' -H 'Referer: http://xx.zengbiao.local/abc'
200

curl -L 'http://127.0.0.1:9980/hello1/h1?username=zengbiao' -H 'Referer: "http://xx.zengbiao.local/abc"'
curl -L 'http://127.0.0.1:9980/hello1/h1?username=zengbiao' -H 'Referer: http://xx.zengbiao1.local/abc'
403




