global_rules





配置一组可以在路由间复用的全局插件

请求方法
GET     /edge/admin/global_rules                      获取全局插件列表
GET     /edge/admin/global_rules/{id}                 根据 id 获取资源
PUT     /edge/admin/global_rules/{id}         {body}  根据 id 创建资源
DELETE  /edge/admin/global_rules/{id}                 删除资源
PATCH   /edge/admin/global_rules/{id}         {body}  更新属性
PATCH   /edge/admin/global_rules/{id}/{path}  {body}  更新path部分的属性


body 请求参数

plugins
Plugin配置信息


create_time
创建时间戳，单位为秒
如果不指定则自动创建


update_time
更新时间戳，单位为秒
如果不指定则自动创建




----------- GET ---------------

curl -L -X GET 'http://127.0.0.1:9990/edge/admin/global_rules/6001' -H 'X-API-KEY: f9357106bff442f89d4de7169c37c61e'

{
    "node": {
        "modifiedIndex": 0,
        "createdIndex": 0,
        "key": "/edge/global_rules/6001",
        "value": {
            "desc": "security_common",
            "plugins": {
                "security_common_uri": {
                    "denylist": [
                        "jndi\\:(?:ldap|rmi|iiop|iiopname|corbaname|dns|nis)",
                        "\\.(?:svn|htaccess|bash_history)",
                        "\\.(?:bak|inc|old|mdb|sql|backup|java|class)$",
                        "(?:vhost|bbs|host|wwwroot|www|site|root|hytop|flashfxp).*\\.rar",
                        "(?:phpmyadmin|jmx-console|otsmobile/console|jmxinvokerservlet)",
                        "\\'",
                        "java\\.lang",
                        "/(?:attachments|upimg|images|css|uploadfiles|html|uploads|templets|static|template|data|inc|forumdata|upload|includes|cache|avatar)/(\\w+)\\.(?:php|jsp)"
                    ],
                    "message": "Your request uri is not allowed",
                    "status": 403
                }
            },
            "update_time": 1675908409,
            "create_time": 1675908207,
            "id": "6001"
        }
    },
    "action": "get",
    "count": 1,
    "header": {
        "revision": 19
    }
}


----------- PUT ---------------

curl -L -X PUT 'http://127.0.0.1:9990/edge/admin/global_rules/6001' -H 'X-API-KEY: f9357106bff442f89d4de7169c37c61e' -H 'Content-Type: application/json' --data-raw '{
    "desc": "security_common",
    "plugins": {
        "security_common_uri": {
            "denylist": [
                "java\\.lang",
                "/(?:attachments|upimg|images|css|uploadfiles|html|uploads|templets|static|template|data|inc|forumdata|upload|includes|cache|avatar)/(\\w+)\\.(?:php|jsp)"
            ]
        }
    }
}'

{
    "action": "set",
    "node": {
        "key": "/edge/global_rules/6001",
        "value": {
            "desc": "security_common",
            "plugins": {
                "security_common_uri": {
                    "message": "Your request uri is not allowed",
                    "denylist": [
                        "java\\.lang",
                        "/(?:attachments|upimg|images|css|uploadfiles|html|uploads|templets|static|template|data|inc|forumdata|upload|includes|cache|avatar)/(\\w+)\\.(?:php|jsp)"
                    ],
                    "status": 403
                }
            },
            "update_time": 1675908207,
            "create_time": 1675908207,
            "id": "6001"
        }
    },
    "header": {}
}


----------- DELETE ---------------

curl -L -X DELETE 'http://127.0.0.1:9990/edge/admin/global_rules/6001' -H 'X-API-KEY: f9357106bff442f89d4de7169c37c61e'

{
    "node": {},
    "header": {},
    "key": "/edge/global_rules/6001",
    "deleted": "1",
    "action": "delete"
}


----------- PATCH ---------------

curl -L -X PATCH 'http://127.0.0.1:9990/edge/admin/global_rules/6001' -H 'X-API-KEY: f9357106bff442f89d4de7169c37c61e' -H 'Content-Type: application/json' --data-raw '{
    "plugins": {
        "security_common_uri": {
            "denylist": [
                "jndi\\:(?:ldap|rmi|iiop|iiopname|corbaname|dns|nis)",
                "\\.(?:svn|htaccess|bash_history)",
                "\\.(?:bak|inc|old|mdb|sql|backup|java|class)$",
                "(?:vhost|bbs|host|wwwroot|www|site|root|hytop|flashfxp).*\\.rar",
                "(?:phpmyadmin|jmx-console|otsmobile/console|jmxinvokerservlet)",
                "\\'\''",
                "java\\.lang",
                "/(?:attachments|upimg|images|css|uploadfiles|html|uploads|templets|static|template|data|inc|forumdata|upload|includes|cache|avatar)/(\\w+)\\.(?:php|jsp)"
            ]
        }
    }
}'


{
    "action": "compareAndSwap",
    "succeeded": true,
    "node": {
        "key": "/edge/global_rules/6001",
        "value": {
            "desc": "security_common",
            "plugins": {
                "security_common_uri": {
                    "denylist": [
                        "jndi\\:(?:ldap|rmi|iiop|iiopname|corbaname|dns|nis)",
                        "\\.(?:svn|htaccess|bash_history)",
                        "\\.(?:bak|inc|old|mdb|sql|backup|java|class)$",
                        "(?:vhost|bbs|host|wwwroot|www|site|root|hytop|flashfxp).*\\.rar",
                        "(?:phpmyadmin|jmx-console|otsmobile/console|jmxinvokerservlet)",
                        "\\'",
                        "java\\.lang",
                        "/(?:attachments|upimg|images|css|uploadfiles|html|uploads|templets|static|template|data|inc|forumdata|upload|includes|cache|avatar)/(\\w+)\\.(?:php|jsp)"
                    ],
                    "message": "Your request uri is not allowed",
                    "status": 403
                }
            },
            "id": "6001",
            "create_time": 1675908207,
            "update_time": 1675908409
        }
    },
    "header": {
        "revision": 18
    }
}


