plugin_configs






配置一组可以在路由间复用的插件

请求方法
GET     /edge/admin/plugin_configs                      获取资源列表
GET     /edge/admin/plugin_configs/{id}                 根据 id 获取资源
PUT     /edge/admin/plugin_configs/{id}         {body}  根据 id 创建资源
DELETE  /edge/admin/plugin_configs/{id}                 删除资源
PATCH   /edge/admin/plugin_configs/{id}         {body}  更新属性
PATCH   /edge/admin/plugin_configs/{id}/{path}  {body}  更新path部分的属性


body 请求参数

plugins
Plugin配置信息


labels
标识附加属性的键值对
例：{"version":"v2","build":"16","env":"production"}


hosts
匹配其中任意一个 host 即可。
例：["foo.com", "*.bar.com"]


create_time
创建时间戳，单位为秒
如果不指定则自动创建


update_time
更新时间戳，单位为秒
如果不指定则自动创建




----------- GET ---------------

curl -L -X GET 'http://192.168.100.233:9990/edge/admin/plugin_configs/5001' -H 'X-API-KEY: f9357106bff442f89d4de7169c37c61e'

{
    "node": {
        "dir": true,
        "key": "/edge/plugin_configs",
        "createdIndex": 0,
        "modifiedIndex": 0,
        "nodes": [
            {
                "modifiedIndex": 0,
                "createdIndex": 0,
                "key": "/edge/plugin_configs/5001",
                "value": {
                    "desc": "test",
                    "plugins": {
                        "auth_key": {
                            "hide_credentials": false,
                            "query": "apikey",
                            "header": "apikey"
                        }
                    },
                    "id": "5001",
                    "create_time": 1675916946,
                    "update_time": 1675916946
                }
            }
        ]
    },
    "action": "get",
    "count": 1,
    "header": {
        "revision": 1
    }
}

----------- PUT ---------------

curl -L -X PUT 'http://192.168.100.233:9990/edge/admin/plugin_configs/5001' -H 'X-API-KEY: f9357106bff442f89d4de7169c37c61e' -H 'Content-Type: application/json' --data-raw '{
    "desc": "test",
    "plugins": {
        "auth_key": {}
    }
}'

{
    "action": "set",
    "node": {
        "key": "/edge/plugin_configs/5001",
        "value": {
            "desc": "test",
            "plugins": {
                "auth_key": {
                    "hide_credentials": false,
                    "header": "apikey",
                    "query": "apikey"
                }
            },
            "update_time": 1675916946,
            "create_time": 1675916946,
            "id": "5001"
        }
    },
    "header": {}
}


----------- DELETE ---------------

curl -L -X DELETE 'http://192.168.100.233:9990/edge/admin/plugin_configs/5001' -H 'X-API-KEY: f9357106bff442f89d4de7169c37c61e'

{
    "node": {},
    "header": {},
    "key": "/edge/plugin_configs/5001",
    "deleted": "1",
    "action": "delete"
}

----------- PATCH ---------------

curl -L -X PATCH 'http://192.168.100.233:9990/edge/admin/plugin_configs/5001' -H 'X-API-KEY: f9357106bff442f89d4de7169c37c61e' -H 'Content-Type: application/json' --data-raw '{
    "desc": "test1",
    "plugins": {
        "auth_key": {
            "disable": true
        }
    }
}'

{
    "action": "compareAndSwap",
    "succeeded": true,
    "node": {
        "key": "/edge/plugin_configs/5001",
        "value": {
            "desc": "test1",
            "plugins": {
                "auth_key": {
                    "query": "apikey",
                    "disable": true,
                    "header": "apikey",
                    "hide_credentials": false
                }
            },
            "id": "5001",
            "create_time": 1675916946,
            "update_time": 1675917127
        }
    },
    "header": {
        "revision": 1
    }
}

