Route

请求地址
http://192.168.100.233:9980/hello

管理地址
http://192.168.100.233:9990


路由，通过定义一些规则来匹配客户端的请求，然后根据匹配结果加载并执行相应的插件，并把请求转发给到指定 Upstream。

请求方法
GET     /edge/admin/routes                      获取资源列表
GET     /edge/admin/routes/{id}                 根据 id 获取资源
PUT     /edge/admin/routes/{id}         {body}  根据 id 创建资源
POST    /edge/admin/routes              {body}  创建资源，id 由后台服务自动生成
DELETE  /edge/admin/routes/{id}                 删除资源
PATCH   /edge/admin/routes/{id}         {body}  更新属性
PATCH   /edge/admin/routes/{id}/{path}  {body}  更新部分属性


body 请求参数

uri
地址，不能与 uris 一起使用
例："/hello"


uris
多个uri，不能与 uri 一起使用
例：["/hello", "/world"]


upstream
Upstream 配置信息，独立于Upstreams列表外


upstream_id
指定使用Upstreams列表中的已启用的upstream id


service_id
指定使用Services例表中的已启用的Service id


plugins
Plugin配置
例："plugins": {
    "proxy_rewrite": {
        "regex_uri": [
            "^/proxy/(.*)$", "/$1"
        ]
    }
}


plugin_config_id
指定使用 plugin_configs 配置列表里的 id 项
与plugins配置合并，如果有相同的插件，取 plugins 指定的配置


plugin_config_ids
指定使用 plugin_configs 配置列表里的 多个id 项
与plugins配置合并，如果有相同的插件，取 plugins 指定的配置


name
标识路由名称


desc
标识描述信息。


host
当前请求域名，不能与 hosts 一起使用
例："foo.com"


hosts
多个host，不能与 host 一起使用
例：["foo.com", "*.bar.com"]


remote_addr
客户端请求 IP 地址：192.168.1.101、192.168.1.102 以及 CIDR 格式的支持 192.168.1.0/24。
支持 IPv6 地址匹配：::1，fe80::1，fe80::1/64 等。
例："192.168.1.0/24"

remote_addrs
多个不同 IP 地址。
例：["127.0.0.1", "192.0.0.0/8", "::1"]


methods
一个或多个的组合：GET，POST，PUT，DELETE，PATCH，HEAD，OPTIONS，CONNECT，TRACE，PURGE
如果为空或没有该选项，代表没有任何 method限制，
例：["GET", "POST"]


priority
匹配优先级
如果不同路由包含相同 uri，根据属性 priority 确定哪个 route 被优先匹配，
值越大优先级越高，默认值为 0。
例：priority = 10


vars
参数匹配，由一个或多个[var, operator, val]元素组成的列表。
["arg_name", "==", "json"]，表示当前请求参数 name 是 json。
这里的 var 与 Nginx 内部自身变量命名是保持一致，所以也可以使用 request_uri、host 等。
当获取 cookie 的值时，cookie name 是区分大小写字母的。
例如：var 等于 "cookie_x_foo" 与 var 等于 "cookie_X_Foo" 表示不同的 cookie。
例：[["arg_name", "==", "json"], ["arg_age", ">", 18]]
支持的操作符
==          equal                                   {"arg_name", "==", "json"}
~=          not equal                               {"arg_name", "~=", "json"}
>           greater than                            {"arg_age", ">", 24}
<           less than                               {"arg_age", "<", 24}
~~          Regular match                           {"arg_name", "~~", "[a-z]+"}
~*          Case insensitive regular match          {"arg_name", "~*", "[a-z]+"}
in          find in array                           {"arg_name", "in", {"1","2"}}
has         left value array has value in the right {"graphql_root_fields", "has", "repo"}
!           reverse the result                      {"arg_name", "!", "~~", "[a-z]+"}
ipmatch     ip address match                        {"remote_addr", "ipmatch", {"127.0.0.1", "192.168.0.0/16"}}



labels
标识附加属性的键值对
例：{"version":"v2","build":"16","env":"production"}




timeout
设置 upstream 的连接、发送消息、接收消息的超时时间（单位为秒）。
这个配置将会覆盖在 upstream 中 配置的 timeout 选项
例：{"connect": 3, "send": 3, "read": 3}


enable_websocket
是否启用 websocket(boolean)
缺省 false。


status
是否启用此路由
1 表示启用，0 表示禁用
缺省 1。


create_time
创建时间戳，单位为秒
如果不指定则自动创建


update_time
更新时间戳，单位为秒
如果不指定则自动创建



----------- GET ---------------

curl -L -X GET 'http://192.168.100.233:9990/edge/admin/routes' -H 'X-API-KEY: f9357106bff442f89d4de7169c37c61e'

{
    "count": 4,
    "action": "get",
    "header": {
        "revision": 12
    },
    "node": {
        "createdIndex": 0,
        "key": "/edge/routes",
        "dir": true,
        "nodes": [
            {
                "createdIndex": 0,
                "key": "/edge/routes/431260450521351053",
                "value": {
                    "uri": "/proxy/*",
                    "methods": [
                        "GET",
                        "POST",
                        "PUT",
                        "DELETE",
                        "PATCH",
                        "HEAD",
                        "OPTIONS",
                        "CONNECT",
                        "TRACE"
                    ],
                    "plugins": {
                        "proxy_rewrite": {
                            "regex_uri": [
                                "^/proxy/(.*)$",
                                "/$1"
                            ]
                        }
                    },
                    "status": 1,
                    "upstream_id": "431253674958783373",
                    "name": "R-proxy",
                    "id": "431260450521351053"
                },
                "modifiedIndex": 0
            },
            ...
        ],
        "modifiedIndex": 0
    }
}

curl -L -X GET 'http://192.168.100.233:9990/edge/admin/routes/431260450521351053' -H 'X-API-KEY: f9357106bff442f89d4de7169c37c61e'

{
    "count": 1,
    "action": "get",
    "header": {
        "revision": 12
    },
    "node": {
        "createdIndex": 0,
        "key": "/edge/routes/431260450521351053",
        "value": {
            "uri": "/proxy/*",
            "methods": [
                "GET",
                "POST",
                "PUT",
                "DELETE",
                "PATCH",
                "HEAD",
                "OPTIONS",
                "CONNECT",
                "TRACE"
            ],
            "plugins": {
                "proxy_rewrite": {
                    "regex_uri": [
                        "^/proxy/(.*)$",
                        "/$1"
                    ]
                }
            },
            "status": 1,
            "upstream_id": "431253674958783373",
            "name": "R-proxy",
            "id": "431260450521351053"
        },
        "modifiedIndex": 0
    }
}


----------- POST ---------------

curl -L -X POST 'http://192.168.100.233:9990/edge/admin/routes' -H 'X-API-KEY: f9357106bff442f89d4de7169c37c61e' -H 'Content-Type: application/json' --data-raw '{
    "uri": "/hi",
    "upstream": {
        "nodes": {
            "127.0.0.1:8111": 1
        },
        "type": "roundrobin"
    }
}'

{
    "action": "create",
    "node": {
        "key": "/edge/routes/cbebbf084e0f4dc0b8c5249efb4796b7",
        "value": {
            "uri": "/hi",
            "create_time": 1673599966,
            "update_time": 1673599966,
            "id": "cbebbf084e0f4dc0b8c5249efb4796b7",
            "status": 1,
            "priority": 0,
            "upstream": {
                "type": "roundrobin",
                "hash_on": "vars",
                "pass_host": "pass",
                "scheme": "http",
                "nodes": {
                    "127.0.0.1:8111": 1
                }
            }
        }
    },
    "header": {}
}

----------- PUT ---------------

curl -L -X GET 'http://192.168.100.233:9980/hello1'
{"error_msg":"404 Route Not Found"}

curl -L -X PUT 'http://192.168.100.233:9990/edge/admin/routes/3001' -H 'X-API-KEY: f9357106bff442f89d4de7169c37c61e' -H 'Content-Type: application/json' --data-raw '{
    "uri": "/hello1",
    "upstream": {
        "nodes": {
            "127.0.0.1:8111": 1
        },
        "type": "roundrobin"
    }
}'

{
    "action": "set",
    "node": {
        "key": "/edge/routes/3001",
        "value": {
            "uri": "/hello1",
            "update_time": 1673600268,
            "create_time": 1673600268,
            "id": "3001",
            "status": 1,
            "priority": 0,
            "upstream": {
                "type": "roundrobin",
                "hash_on": "vars",
                "pass_host": "pass",
                "scheme": "http",
                "nodes": {
                    "127.0.0.1:8111": 1
                }
            }
        }
    },
    "header": {}
}


curl -L -X GET 'http://192.168.100.233:9980/hello1'
192.168.100.233:8111/hello1 traceid=:


----------- DELETE ---------------

curl -L -X DELETE 'http://192.168.100.233:9990/edge/admin/routes/3001' -H 'X-API-KEY: f9357106bff442f89d4de7169c37c61e'

{
    "deleted": "1",
    "key": "/edge/routes/3001",
    "action": "delete",
    "header": {},
    "node": {}
}

----------- PATCH ---------------

curl -L -X PATCH 'http://192.168.100.233:9990/edge/admin/routes/3001' -H 'X-API-KEY: f9357106bff442f89d4de7169c37c61e' -H 'Content-Type: application/json' --data-raw '{
    "uri": "/hello1",
    "upstream": {
        "nodes": {
            "127.0.0.1:8112": 1
        },
        "type": "roundrobin"
    }
}'

{
    "action": "compareAndSwap",
    "succeeded": true,
    "node": {
        "key": "/edge/routes/3001",
        "value": {
            "uri": "/hello1",
            "upstream": {
                "type": "roundrobin",
                "hash_on": "vars",
                "pass_host": "pass",
                "scheme": "http",
                "nodes": {
                    "127.0.0.1:8111": 1,
                    "127.0.0.1:8112": 1
                }
            },
            "priority": 0,
            "id": "3001",
            "status": 1,
            "update_time": 1673600764,
            "create_time": 1673600268
        }
    },
    "header": {
        "revision": 20
    }
}



