Upstream




上游，对给定的多个服务节点按照配置规则进行负载均衡


请求方法
GET    /edge/admin/upstreams                        获取全部资源
GET    /edge/admin/upstreams/{id}                   获取指定id资源
PUT    /edge/admin/upstreams/{id}        {body}     根据id创建资源
POST   /edge/admin/upstreams             {body}     创建资源，id由后台服务自动生成
DELETE /edge/admin/upstreams/{id}                   删除指定id资源
PATCH  /edge/admin/upstreams/{id}        {body}     更新属性
PATCH  /edge/admin/upstreams/{id}/{path} {body}     更新部分属性



body 请求参数

type
负载均衡算法
roundrobin: 带权重的 roundrobin
chash: 一致性哈希
ewma: 选择延迟最小的节点
least_conn: 最少连接

hash_on
支持的类型有 vars（Nginx 内置变量），header（自定义 header），cookie，consumer
默认值为 vars
设为 vars 时，key 为必传参数，目前支持的 Nginx 内置变量有 uri, server_name, server_addr, request_uri, remote_port, remote_addr, query_string, host, hostname, arg_***，其中 arg_*** 是来自 URL 的请求参数
设为 header 时，key 为必传参数，其值为自定义的 header name，即 "http_key"
设为 cookie 时，key 为必传参数，其值为自定义的 cookie name，即 "cookie_key"。请注意 cookie name 是区分大小写字母的。例如："cookie_x_foo" 与 "cookie_X_Foo" 表示不同的 cookie。
设为 consumer 时，key 不需要设置。此时哈希算法采用的 key 为认证通过的 consumer_name。
如果指定的 hash_on 和 key 获取不到值时，就是用默认值：remote_addr。

key
负载均衡算法 chashs 根据 key 来查找对应的 node id，相同的 key 在同一个对象中，永远返回相同 id，
目前支持的 Nginx 内置变量有 uri, server_name, server_addr, request_uri, remote_port, remote_addr, query_string, host, hostname, arg_***，其中 arg_*** 是来自 URL 的请求参数


nodes
负载节点信息，不能和 service_name 一起用
哈希表或数组。
当它是哈希表时，内部元素的 key 是上游机器地址列表，格式为地址 +（可选的）端口，其中地址部分可以是 IP 也可以是域名，比如 192.168.1.100:80、foo.com:80等。value 则是节点的权重。对于哈希表的情况，如果 key 是 IPv6 地址加端口，则必须用中括号将 IPv6 地址括起来。192.168.1.100:80, [::1]:80
当它是数组时，数组中每个元素都是一个哈希表，其中包含 host、weight 以及可选的 port、priority。
nodes 可以为空，这通常用作占位符。客户端命中这样的上游会返回 502。


service_name
服务发现的服务名，不能和 nodes 一起用
例：nacos-servicename

discovery_type
服务发现类型
例：nacos，...


checks
健康检查的参数

retries
重试次数
默认启用重试且次数为后端可用的 node 数量。
如果指定了具体重试次数，它将覆盖默认值。
0 代表不启用重试机制。

retry_timeout
限制是否继续重试的时间
若之前的请求和重试请求花费太多时间就不再继续重试。
0 代表不启用重试超时机制。

timeout
超时时间对象
设置连接、发送消息、接收消息的超时时间，以秒为单位

name
标识上游服务名称等。

desc
描述信息等。

create_time
创建时间戳，单位为秒
如果不指定则自动创建

update_time
更新时间戳，单位为秒
如果不指定则自动创建

pass_host
请求发给上游时的 host 设置选型。 [pass，node，rewrite] 之一，
默认是pass。
pass: 将客户端的 host 透传给上游；
node: 使用 upstream node 中配置的 host；
rewrite: 使用配置项 upstream_host 的值。

upstream_host
指定上游请求的 host，只在 pass_host 配置为 rewrite 时有效。

scheme
跟上游通信时使用的 scheme。'http', 'https'，'tcp', 'udp'
默认是 'http'。

labels
标识附加属性的键值对
例：{"version":"v2","build":"16","env":"production"}

keepalive_pool
连接池信息


----------- GET ---------------

curl -L -X GET 'http://192.168.100.233:9990/edge/admin/upstreams/431253674958783373' -H 'X-API-KEY: f9357106bff442f89d4de7169c37c61e'

{
    "count": 1,
    "action": "get",
    "header": {
        "revision": 37
    },
    "node": {
        "createdIndex": 0,
        "key": "/edge/upstreams/431253674958783373",
        "value": {
            "timeout": {
                "send": 6,
                "read": 6,
                "connect": 6
            },
            "checks": {
                "active": {
                    "req_headers": [
                        "User-Agent: curl/7.29.0"
                    ],
                    "healthy": {
                        "successes": 2,
                        "interval": 1
                    },
                    "http_path": "/status",
                    "timeout": 1,
                    "unhealthy": {
                        "http_failures": 2,
                        "interval": 1
                    }
                }
            },
            "keepalive_pool": {
                "size": 320,
                "idle_timeout": 60,
                "requests": 1000
            },
            "type": "roundrobin",
            "pass_host": "pass",
            "scheme": "http",
            "nodes": [
                {
                    "host": "127.0.0.1",
                    "weight": 1,
                    "port": 8111
                },
                {
                    "host": "127.0.0.1",
                    "weight": 1,
                    "port": 8112
                },
                {
                    "host": "127.0.0.1",
                    "weight": 1,
                    "port": 8113
                },
                {
                    "host": "127.0.0.1",
                    "weight": 1,
                    "port": 8114
                }
            ],
            "name": "U-811X",
            "id": "431253674958783373"
        },
        "modifiedIndex": 0
    }
}



curl -L -X GET 'http://192.168.100.233:9990/edge/admin/upstreams' -H 'X-API-KEY: f9357106bff442f89d4de7169c37c61e'

{
    "count": 4,
    "action": "get",
    "header": {
        "revision": 37
    },
    "node": {
        "createdIndex": 0,
        "key": "/edge/upstreams",
        "dir": true,
        "nodes": [
            {
                "createdIndex": 0,
                "key": "/edge/upstreams/433437599709791117",
                "value": {
                    "id": "433437599709791117",
                    "timeout": {
                        "send": 6,
                        "read": 6,
                        "connect": 6
                    },
                    "pass_host": "pass",
                    "keepalive_pool": {
                        "size": 320,
                        "idle_timeout": 60,
                        "requests": 1000
                    },
                    "scheme": "http",
                    "nodes": [
                        {
                            "host": "127.0.0.1",
                            "weight": 1,
                            "port": 8121
                        },
                        {
                            "host": "127.0.0.1",
                            "weight": 1,
                            "port": 8122
                        },
                        {
                            "host": "127.0.0.1",
                            "weight": 1,
                            "port": 8123
                        },
                        {
                            "host": "127.0.0.1",
                            "weight": 1,
                            "port": 8124
                        }
                    ],
                    "name": "U-812X",
                    "type": "roundrobin"
                },
                "modifiedIndex": 0
            },
            ...
        ],
        "modifiedIndex": 0
    }
}


----------- POST ---------------

curl -L -X POST 'http://127.0.0.1:9990/edge/admin/upstreams' -H 'X-API-KEY: f9357106bff442f89d4de7169c37c61e' -H 'Content-Type: application/json' --data-raw '{
    "type":"roundrobin",
    "nodes":{
        "127.0.0.1:1980": 1
    }
}'

{
    "action": "create",
    "node": {
        "key": "/edge/upstreams/00be4add130b4fb08f17c7011666ec43",
        "value": {
            "type": "roundrobin",
            "id": "00be4add130b4fb08f17c7011666ec43",
            "update_time": 1673596019,
            "hash_on": "vars",
            "pass_host": "pass",
            "scheme": "http",
            "nodes": {
                "127.0.0.1:1980": 1
            },
            "create_time": 1673596019
        }
    },
    "header": {}
}


----------- PUT ---------------

curl -L -X PUT 'http://127.0.0.1:9990/edge/admin/upstreams/1001' -H 'X-API-KEY: f9357106bff442f89d4de7169c37c61e' -H 'Content-Type: application/json' --data-raw '{
    "type":"roundrobin",
    "nodes":{
        "127.0.0.1:1980": 1
    }
}'

{
    "action": "set",
    "node": {
        "key": "/edge/upstreams/1001",
        "value": {
            "type": "roundrobin",
            "update_time": 1673595867,
            "pass_host": "pass",
            "hash_on": "vars",
            "id": "1001",
            "scheme": "http",
            "nodes": {
                "127.0.0.1:1980": 1
            },
            "create_time": 1673595867
        }
    },
    "header": {}
}


----------- DELETE ---------------

curl -L -X DELETE 'http://127.0.0.1:9990/edge/admin/upstreams/1001' -H 'X-API-KEY: f9357106bff442f89d4de7169c37c61e'

{
    "deleted": "1",
    "action": "delete",
    "key": "/edge/upstreams/1001",
    "header": {},
    "node": {}
}


----------- PATCH ---------------

curl -L -X PATCH 'http://127.0.0.1:9990/edge/admin/upstreams/1001' -H 'X-API-KEY: f9357106bff442f89d4de7169c37c61e' -H 'Content-Type: application/json' --data-raw '{
    "nodes": {
        "127.0.0.1:1981": 1
    }
}'

{
    "action": "compareAndSwap",
    "succeeded": true,
    "node": {
        "key": "/edge/upstreams/1001",
        "value": {
            "type": "roundrobin",
            "pass_host": "pass",
            "scheme": "http",
            "hash_on": "vars",
            "id": "1001",
            "update_time": 1673595926,
            "nodes": {
                "127.0.0.1:1981": 1,
                "127.0.0.1:1980": 1
            },
            "create_time": 1673595923
        }
    },
    "header": {
        "revision": 42
    }
}

